<?xml version="1.0" encoding="UTF-8"?>
<!-- Generated by org.testng.reporters.JUnitReportReporter -->
<testsuite hostname="LAPTOP-1LI5CG8U" failures="0" tests="4" name="testngLearning.TestCase1" time="0.016" errors="0" timestamp="2022-05-16T12:11:40 IST" skipped="0">
  <testcase classname="testngLearning.TestCase1" name="test2" time="0.002"/>
  <system-out/>
  <testcase classname="testngLearning.TestCase1" name="test4" time="0.001"/>
  <system-out/>
  <testcase classname="testngLearning.TestCase1" name="test1" time="0.011"/>
  <system-out/>
  <testcase classname="testngLearning.TestCase1" name="test3" time="0.002"/>
  <system-out/>
</testsuite> <!-- testngLearning.TestCase1 -->
